#
# There is insufficient memory for the Java Runtime Environment to continue.
# Native memory allocation (mmap) failed to map 503316480 bytes for G1 virtual space
# Possible reasons:
#   The system is out of physical RAM or swap space
#   The process is running with CompressedOops enabled, and the Java Heap may be blocking the growth of the native heap
# Possible solutions:
#   Reduce memory load on the system
#   Increase physical memory or swap space
#   Check if swap backing store is full
#   Decrease Java heap size (-Xmx/-Xms)
#   Decrease number of Java threads
#   Decrease Java thread stack sizes (-Xss)
#   Set larger code cache with -XX:ReservedCodeCacheSize=
#   JVM is running with Zero Based Compressed Oops mode in which the Java heap is
#     placed in the first 32GB address space. The Java Heap base address is the
#     maximum limit for the native heap growth. Please use -XX:HeapBaseMinAddress
#     to set the Java Heap base and to place the Java Heap above 32GB virtual address.
# This output file may be truncated or incomplete.
#
#  Out of Memory Error (os_windows.cpp:3535), pid=1546420, tid=1547288
#
# JRE version:  (17.0.3+7) (build )
# Java VM: OpenJDK 64-Bit Server VM (17.0.3+7, mixed mode, sharing, tiered, compressed oops, compressed class ptrs, g1 gc, windows-amd64)
# No core dump will be written. Minidumps are not enabled by default on client versions of Windows
#

---------------  S U M M A R Y ------------

Command Line: -Dfile.encoding=UTF-8 -XX:+ShowCodeDetailsInExceptionMessages ch04.unit1.OperatorEx04Quiz02o

Host: AMD Ryzen 5 2400G with Radeon Vega Graphics    , 8 cores, 29G,  Windows 10 , 64 bit Build 19041 (10.0.19041.1741)
Time: Mon Jul 11 14:04:50 2022  Windows 10 , 64 bit Build 19041 (10.0.19041.1741) elapsed time: 0.032096 seconds (0d 0h 0m 0s)

---------------  T H R E A D  ---------------

Current thread (0x000001a0cc3fe820):  JavaThread "Unknown thread" [_thread_in_vm, id=1547288, stack(0x0000004717c00000,0x0000004717d00000)]

Stack: [0x0000004717c00000,0x0000004717d00000]
Native frames: (J=compiled Java code, j=interpreted, Vv=VM code, C=native code)
V  [jvm.dll+0x675efa]
V  [jvm.dll+0x830a24]
V  [jvm.dll+0x8321ce]
V  [jvm.dll+0x832833]
V  [jvm.dll+0x2454b5]
V  [jvm.dll+0x672de9]
V  [jvm.dll+0x667732]
V  [jvm.dll+0x3043ab]
V  [jvm.dll+0x30b8f6]
V  [jvm.dll+0x35b62e]
V  [jvm.dll+0x35b85f]
V  [jvm.dll+0x2db248]
V  [jvm.dll+0x2dc1b4]
V  [jvm.dll+0x802651]
V  [jvm.dll+0x3693b1]
V  [jvm.dll+0x7e1aac]
V  [jvm.dll+0x3ebd8f]
V  [jvm.dll+0x3ed911]
C  [jli.dll+0x5277]
C  [ucrtbase.dll+0x21bb2]
C  [KERNEL32.DLL+0x17034]
C  [ntdll.dll+0x52651]


---------------  P R O C E S S  ---------------

Threads class SMR info:
_java_thread_list=0x00007ffbbb226e98, length=0, elements={
}

Java Threads: ( => current thread )

Other Threads:
  0x000001a0ce5e3110 GCTaskThread "GC Thread#0" [stack: 0x0000004717d00000,0x0000004717e00000] [id=1548280]
  0x000001a0ce5f5620 ConcurrentGCThread "G1 Main Marker" [stack: 0x0000004717e00000,0x0000004717f00000] [id=1547304]
  0x000001a0ce5f5ed0 ConcurrentGCThread "G1 Conc#0" [stack: 0x0000004717f00000,0x0000004718000000] [id=1548264]

[error occurred during error reporting (printing all threads), id 0xc0000005, EXCEPTION_ACCESS_VIOLATION (0xc0000005) at pc=0x00007ffbba9fbcd7]

VM state: not at safepoint (not fully initialized)

VM Mutex/Monitor currently owned by a thread:  ([mutex/lock_event])
[0x000001a0cc3fc5a0] Heap_lock - owner thread: 0x000001a0cc3fe820

Heap address: 0x0000000621000000, size: 7664 MB, Compressed Oops mode: Zero based, Oop shift amount: 3

CDS archive(s) mapped at: [0x0000000000000000-0x0000000000000000-0x0000000000000000), size 0, SharedBaseAddress: 0x0000000800000000, ArchiveRelocationMode: 0.
Narrow klass base: 0x0000000000000000, Narrow klass shift: 0, Narrow klass range: 0x0

GC Precious Log:
<Empty>

Heap:
 garbage-first heap   total 0K, used 0K [0x0000000621000000, 0x0000000800000000)
  region size 4096K, 0 young (0K), 0 survivors (0K)

[error occurred during error reporting (printing heap information), id 0xc0000005, EXCEPTION_ACCESS_VIOLATION (0xc0000005) at pc=0x00007ffbbaddf249]

GC Heap History (0 events):
No events

Deoptimization events (0 events):
No events

Classes unloaded (0 events):
No events

Classes redefined (0 events):
No events

Internal exceptions (0 events):
No events

VM Operations (0 events):
No events

Events (1 events):
Event: 0.023 Loaded shared library C:\Users\count_2hpcyd0\Downloads\java傍何\java_study\sutdy\eclipse\plugins\org.eclipse.justj.openjdk.hotspot.jre.full.win32.x86_64_17.0.3.v20220515-1416\jre\bin\java.dll


Dynamic libraries:
0x00007ff683880000 - 0x00007ff68388e000 	C:\Users\count_2hpcyd0\Downloads\java傍何\java_study\sutdy\eclipse\plugins\org.eclipse.justj.openjdk.hotspot.jre.full.win32.x86_64_17.0.3.v20220515-1416\jre\bin\javaw.exe
0x00007ffc52250000 - 0x00007ffc52447000 	C:\WINDOWS\SYSTEM32\ntdll.dll
0x00007ffc50a30000 - 0x00007ffc50aed000 	C:\WINDOWS\System32\KERNEL32.DLL
0x00007ffc4fb00000 - 0x00007ffc4fdcd000 	C:\WINDOWS\System32\KERNELBASE.dll
0x00007ffc4fa00000 - 0x00007ffc4fb00000 	C:\WINDOWS\System32\ucrtbase.dll
0x00007ffc403e0000 - 0x00007ffc403f8000 	C:\Users\count_2hpcyd0\Downloads\java傍何\java_study\sutdy\eclipse\plugins\org.eclipse.justj.openjdk.hotspot.jre.full.win32.x86_64_17.0.3.v20220515-1416\jre\bin\jli.dll
0x00007ffc40c10000 - 0x00007ffc40c29000 	C:\Users\count_2hpcyd0\Downloads\java傍何\java_study\sutdy\eclipse\plugins\org.eclipse.justj.openjdk.hotspot.jre.full.win32.x86_64_17.0.3.v20220515-1416\jre\bin\VCRUNTIME140.dll
0x00007ffc502b0000 - 0x00007ffc50450000 	C:\WINDOWS\System32\USER32.dll
0x00007ffc4ff20000 - 0x00007ffc4ff42000 	C:\WINDOWS\System32\win32u.dll
0x00007ffc3c450000 - 0x00007ffc3c6ea000 	C:\WINDOWS\WinSxS\amd64_microsoft.windows.common-controls_6595b64144ccf1df_6.0.19041.1110_none_60b5254171f9507e\COMCTL32.dll
0x00007ffc50bb0000 - 0x00007ffc50c4e000 	C:\WINDOWS\System32\msvcrt.dll
0x00007ffc517d0000 - 0x00007ffc517fa000 	C:\WINDOWS\System32\GDI32.dll
0x00007ffc50040000 - 0x00007ffc5014b000 	C:\WINDOWS\System32\gdi32full.dll
0x00007ffc4ff50000 - 0x00007ffc4ffed000 	C:\WINDOWS\System32\msvcp_win.dll
0x00007ffc516e0000 - 0x00007ffc51710000 	C:\WINDOWS\System32\IMM32.DLL
0x00007ffc4b430000 - 0x00007ffc4b43c000 	C:\Users\count_2hpcyd0\Downloads\java傍何\java_study\sutdy\eclipse\plugins\org.eclipse.justj.openjdk.hotspot.jre.full.win32.x86_64_17.0.3.v20220515-1416\jre\bin\vcruntime140_1.dll
0x00007ffc2b350000 - 0x00007ffc2b3e1000 	C:\Users\count_2hpcyd0\Downloads\java傍何\java_study\sutdy\eclipse\plugins\org.eclipse.justj.openjdk.hotspot.jre.full.win32.x86_64_17.0.3.v20220515-1416\jre\bin\msvcp140.dll
0x00007ffbba710000 - 0x00007ffbbb358000 	C:\Users\count_2hpcyd0\Downloads\java傍何\java_study\sutdy\eclipse\plugins\org.eclipse.justj.openjdk.hotspot.jre.full.win32.x86_64_17.0.3.v20220515-1416\jre\bin\server\jvm.dll
0x00007ffc51720000 - 0x00007ffc517ce000 	C:\WINDOWS\System32\ADVAPI32.dll
0x00007ffc50dd0000 - 0x00007ffc50e6c000 	C:\WINDOWS\System32\sechost.dll
0x00007ffc51800000 - 0x00007ffc51925000 	C:\WINDOWS\System32\RPCRT4.dll
0x00007ffc51710000 - 0x00007ffc51718000 	C:\WINDOWS\System32\PSAPI.DLL
0x00007ffc47760000 - 0x00007ffc47787000 	C:\WINDOWS\SYSTEM32\WINMM.dll
0x00007ffc46690000 - 0x00007ffc46699000 	C:\WINDOWS\SYSTEM32\WSOCK32.dll
0x00007ffc47640000 - 0x00007ffc4764a000 	C:\WINDOWS\SYSTEM32\VERSION.dll
0x00007ffc51a50000 - 0x00007ffc51abb000 	C:\WINDOWS\System32\WS2_32.dll
0x00007ffc4d890000 - 0x00007ffc4d8a2000 	C:\WINDOWS\SYSTEM32\kernel.appcore.dll
0x00007ffc38780000 - 0x00007ffc3878a000 	C:\Users\count_2hpcyd0\Downloads\java傍何\java_study\sutdy\eclipse\plugins\org.eclipse.justj.openjdk.hotspot.jre.full.win32.x86_64_17.0.3.v20220515-1416\jre\bin\jimage.dll
0x00007ffc48c60000 - 0x00007ffc48e44000 	C:\WINDOWS\SYSTEM32\DBGHELP.DLL
0x00007ffc3c270000 - 0x00007ffc3c29c000 	C:\WINDOWS\SYSTEM32\dbgcore.DLL
0x00007ffc4f970000 - 0x00007ffc4f9f2000 	C:\WINDOWS\System32\bcryptPrimitives.dll
0x00007ffc32160000 - 0x00007ffc32185000 	C:\Users\count_2hpcyd0\Downloads\java傍何\java_study\sutdy\eclipse\plugins\org.eclipse.justj.openjdk.hotspot.jre.full.win32.x86_64_17.0.3.v20220515-1416\jre\bin\java.dll

dbghelp: loaded successfully - version: 4.0.5 - missing functions: none
symbol engine: initialized successfully - sym options: 0x614 - pdb path: .;C:\Users\count_2hpcyd0\Downloads\java傍何\java_study\sutdy\eclipse\plugins\org.eclipse.justj.openjdk.hotspot.jre.full.win32.x86_64_17.0.3.v20220515-1416\jre\bin;C:\WINDOWS\SYSTEM32;C:\WINDOWS\WinSxS\amd64_microsoft.windows.common-controls_6595b64144ccf1df_6.0.19041.1110_none_60b5254171f9507e;C:\Users\count_2hpcyd0\Downloads\java傍何\java_study\sutdy\eclipse\plugins\org.eclipse.justj.openjdk.hotspot.jre.full.win32.x86_64_17.0.3.v20220515-1416\jre\bin\se;C:\Users\count_2hpcyd0\Downloads\java傍何\java_study\sutdy\eclipse\plugins\org.eclipse.justj.openjdk.hotspot.jre.full.win32.x86_64_17.0.3.v20220515-1416\jre\bin\

VM Arguments:
jvm_args: -Dfile.encoding=UTF-8 -XX:+ShowCodeDetailsInExceptionMessages 
java_command: ch04.unit1.OperatorEx04Quiz02o
java_class_path (initial): C:\Users\count_2hpcyd0\Downloads\java傍何\java_study\sutdy\work\javaEx\bin
Launcher Type: SUN_STANDARD

[Global flags]
     intx CICompilerCount                          = 4                                         {product} {ergonomic}
     uint ConcGCThreads                            = 2                                         {product} {ergonomic}
     uint G1ConcRefinementThreads                  = 8                                         {product} {ergonomic}
   size_t G1HeapRegionSize                         = 4194304                                   {product} {ergonomic}
    uintx GCDrainStackTargetSize                   = 64                                        {product} {ergonomic}
   size_t InitialHeapSize                          = 503316480                                 {product} {ergonomic}
   size_t MarkStackSize                            = 4194304                                   {product} {ergonomic}
   size_t MaxHeapSize                              = 8036286464                                {product} {ergonomic}
   size_t MinHeapDeltaBytes                        = 4194304                                   {product} {ergonomic}
   size_t MinHeapSize                              = 8388608                                   {product} {ergonomic}
    uintx NonNMethodCodeHeapSize                   = 5839372                                {pd product} {ergonomic}
    uintx NonProfiledCodeHeapSize                  = 122909434                              {pd product} {ergonomic}
    uintx ProfiledCodeHeapSize                     = 122909434                              {pd product} {ergonomic}
    uintx ReservedCodeCacheSize                    = 251658240                              {pd product} {ergonomic}
     bool SegmentedCodeCache                       = true                                      {product} {ergonomic}
     bool ShowCodeDetailsInExceptionMessages       = true                                   {manageable} {command line}
   size_t SoftMaxHeapSize                          = 8036286464                             {manageable} {ergonomic}
     bool UseCompressedClassPointers               = true                           {product lp64_product} {ergonomic}
     bool UseCompressedOops                        = true                           {product lp64_product} {ergonomic}
     bool UseG1GC                                  = true                                      {product} {ergonomic}
     bool UseLargePagesIndividualAllocation        = false                                  {pd product} {ergonomic}

Logging:
Log output configuration:
 #0: stdout all=warning uptime,level,tags
 #1: stderr all=off uptime,level,tags

Environment Variables:
PATH=C:/Users/count_2hpcyd0/Downloads/java傍何/java_study/sutdy/eclipse//plugins/org.eclipse.justj.openjdk.hotspot.jre.full.win32.x86_64_17.0.3.v20220515-1416/jre/bin/server;C:/Users/count_2hpcyd0/Downloads/java傍何/java_study/sutdy/eclipse//plugins/org.eclipse.justj.openjdk.hotspot.jre.full.win32.x86_64_17.0.3.v20220515-1416/jre/bin;C:\Program Files\Java\jdk1.8.0_333\bin;C:\Program Files\Eclipse Adoptium\jdk-17.0.3.7-hotspot\bin;C:\Program Files (x86)\Common Files\Oracle\Java\javapath;C:\Program Files\Python39\Scripts\;C:\Program Files\Python39\;C:\Program Files (x86)\NAT Service;C:\WINDOWS\system32;C:\WINDOWS;C:\WINDOWS\System32\Wbem;C:\WINDOWS\System32\WindowsPowerShell\v1.0\;C:\WINDOWS\System32\OpenSSH\;C:\Cadence\SPB_16.6\openaccess\bin\win32\opt;C:\Cadence\SPB_16.6\tools\capture;C:\Cadence\SPB_16.6\tools\pspice;C:\Cadence\SPB_16.6\tools\specctra\bin;C:\Cadence\SPB_16.6\tools\fet\bin;C:\Cadence\SPB_16.6\tools\libutil\bin;C:\Cadence\SPB_16.6\tools\bin;C:\Cadence\SPB_16.6\tools\pcb\bin;C:\Program Files\MATLAB\R2020a\bin;C:\Program Files\dotnet\;C:\Program Files\Git\cmd;C:\Users\count\Documents\VRPE\Rookie\adb;C:\Program Files (x86)\AMD\ATI.ACE\Core-Static;C:\Program Files\nodejs\;C:\Users\count_2hpcyd0\AppData\Local\Microsoft\WindowsApps;;C:\Users\count_2hpcyd0\AppData\Local\Programs\Microsoft VS Code\bin;C:\Users\count_2hpcyd0\Downloads\java傍何\java_study\sutdy\eclipse;
USERNAME=count_2hpcyd0
OS=Windows_NT
PROCESSOR_IDENTIFIER=AMD64 Family 23 Model 17 Stepping 0, AuthenticAMD



---------------  S Y S T E M  ---------------

OS:
 Windows 10 , 64 bit Build 19041 (10.0.19041.1741)
OS uptime: 4 days 13:51 hours

CPU: total 8 (initial active 8) (8 cores per cpu, 2 threads per core) family 23 model 17 stepping 0 microcode 0x0, cx8, cmov, fxsr, ht, mmx, 3dnowpref, sse, sse2, sse3, ssse3, sse4a, sse4.1, sse4.2, popcnt, lzcnt, tsc, tscinvbit, avx, avx2, aes, clmul, bmi1, bmi2, adx, sha, fma, vzeroupper, clflush, clflushopt

Memory: 4k page, system-wide physical 30653M (8371M free)
TotalPageFile size 61160M (AvailPageFile size 97M)
current process WorkingSet (physical memory assigned to process): 10M, peak: 10M
current process commit charge ("private bytes"): 60M, peak: 540M

vm_info: OpenJDK 64-Bit Server VM (17.0.3+7) for windows-amd64 JRE (17.0.3+7), built on Apr 19 2022 16:55:35 by "" with MS VC++ 16.7 (VS2019)

END.
